{"/home/isaac/codefellows/401/labs/10-career-development/lab-isaac/lib/node.js": {"path":"/home/isaac/codefellows/401/labs/10-career-development/lab-isaac/lib/node.js","statementMap":{"0":{"start":{"line":3,"column":0},"end":{"line":8,"column":2}},"1":{"start":{"line":5,"column":4},"end":{"line":5,"column":19}},"2":{"start":{"line":6,"column":4},"end":{"line":6,"column":21}}},"fnMap":{"0":{"name":"(anonymous_0)","decl":{"start":{"line":4,"column":2},"end":{"line":4,"column":3}},"loc":{"start":{"line":4,"column":19},"end":{"line":7,"column":3}},"line":4}},"branchMap":{},"s":{"0":1,"1":9,"2":9},"f":{"0":9},"b":{},"_coverageSchema":"332fd63041d2c1bcb487cc26dd0d5f7d97098a6c","hash":"b3081227afbbfea17d0e7d27611344b30fc3b8e7"}
,"/home/isaac/codefellows/401/labs/10-career-development/lab-isaac/lib/sll.js": {"path":"/home/isaac/codefellows/401/labs/10-career-development/lab-isaac/lib/sll.js","statementMap":{"0":{"start":{"line":3,"column":13},"end":{"line":3,"column":30}},"1":{"start":{"line":23,"column":0},"end":{"line":72,"column":2}},"2":{"start":{"line":25,"column":4},"end":{"line":25,"column":21}},"3":{"start":{"line":29,"column":15},"end":{"line":29,"column":28}},"4":{"start":{"line":30,"column":4},"end":{"line":33,"column":5}},"5":{"start":{"line":31,"column":6},"end":{"line":31,"column":23}},"6":{"start":{"line":32,"column":6},"end":{"line":32,"column":18}},"7":{"start":{"line":34,"column":4},"end":{"line":34,"column":26}},"8":{"start":{"line":35,"column":4},"end":{"line":35,"column":21}},"9":{"start":{"line":36,"column":4},"end":{"line":36,"column":16}},"10":{"start":{"line":40,"column":15},"end":{"line":40,"column":28}},"11":{"start":{"line":43,"column":4},"end":{"line":46,"column":5}},"12":{"start":{"line":44,"column":6},"end":{"line":44,"column":23}},"13":{"start":{"line":45,"column":6},"end":{"line":45,"column":18}},"14":{"start":{"line":48,"column":4},"end":{"line":48,"column":29}},"15":{"start":{"line":49,"column":4},"end":{"line":49,"column":25}},"16":{"start":{"line":50,"column":4},"end":{"line":50,"column":16}},"17":{"start":{"line":53,"column":6},"end":{"line":53,"column":23}},"18":{"start":{"line":53,"column":16},"end":{"line":53,"column":23}},"19":{"start":{"line":54,"column":6},"end":{"line":54,"column":22}},"20":{"start":{"line":55,"column":6},"end":{"line":55,"column":31}},"21":{"start":{"line":60,"column":15},"end":{"line":60,"column":19}},"22":{"start":{"line":61,"column":18},"end":{"line":61,"column":27}},"23":{"start":{"line":63,"column":4},"end":{"line":69,"column":5}},"24":{"start":{"line":65,"column":18},"end":{"line":65,"column":30}},"25":{"start":{"line":66,"column":6},"end":{"line":66,"column":26}},"26":{"start":{"line":67,"column":6},"end":{"line":67,"column":21}},"27":{"start":{"line":68,"column":6},"end":{"line":68,"column":22}},"28":{"start":{"line":70,"column":4},"end":{"line":70,"column":21}}},"fnMap":{"0":{"name":"(anonymous_0)","decl":{"start":{"line":24,"column":2},"end":{"line":24,"column":3}},"loc":{"start":{"line":24,"column":16},"end":{"line":26,"column":3}},"line":24},"1":{"name":"(anonymous_1)","decl":{"start":{"line":28,"column":2},"end":{"line":28,"column":3}},"loc":{"start":{"line":28,"column":15},"end":{"line":37,"column":3}},"line":28},"2":{"name":"(anonymous_2)","decl":{"start":{"line":39,"column":2},"end":{"line":39,"column":3}},"loc":{"start":{"line":39,"column":14},"end":{"line":57,"column":3}},"line":39},"3":{"name":"_findLastNode","decl":{"start":{"line":52,"column":13},"end":{"line":52,"column":26}},"loc":{"start":{"line":52,"column":33},"end":{"line":56,"column":5}},"line":52},"4":{"name":"(anonymous_4)","decl":{"start":{"line":59,"column":2},"end":{"line":59,"column":3}},"loc":{"start":{"line":59,"column":12},"end":{"line":71,"column":3}},"line":59}},"branchMap":{"0":{"loc":{"start":{"line":30,"column":4},"end":{"line":33,"column":5}},"type":"if","locations":[{"start":{"line":30,"column":4},"end":{"line":33,"column":5}},{"start":{"line":30,"column":4},"end":{"line":33,"column":5}}],"line":30},"1":{"loc":{"start":{"line":43,"column":4},"end":{"line":46,"column":5}},"type":"if","locations":[{"start":{"line":43,"column":4},"end":{"line":46,"column":5}},{"start":{"line":43,"column":4},"end":{"line":46,"column":5}}],"line":43},"2":{"loc":{"start":{"line":53,"column":6},"end":{"line":53,"column":23}},"type":"if","locations":[{"start":{"line":53,"column":6},"end":{"line":53,"column":23}},{"start":{"line":53,"column":6},"end":{"line":53,"column":23}}],"line":53}},"s":{"0":1,"1":1,"2":4,"3":2,"4":2,"5":1,"6":1,"7":1,"8":1,"9":1,"10":7,"11":7,"12":2,"13":2,"14":5,"15":5,"16":5,"17":14,"18":5,"19":9,"20":9,"21":3,"22":3,"23":3,"24":10,"25":10,"26":10,"27":10,"28":3},"f":{"0":4,"1":2,"2":7,"3":14,"4":3},"b":{"0":[1,1],"1":[2,5],"2":[5,9]},"_coverageSchema":"332fd63041d2c1bcb487cc26dd0d5f7d97098a6c","hash":"746b42af7905b928d1971336c8792be5910cc4f6"}
}
