TN:
SF:/home/isaac/codefellows/401/labs/10-career-development/lab-isaac/lib/node.js
FN:4,(anonymous_0)
FNF:1
FNH:1
FNDA:33,(anonymous_0)
DA:3,1
DA:5,33
DA:6,33
LF:3
LH:3
BRF:0
BRH:0
end_of_record
TN:
SF:/home/isaac/codefellows/401/labs/10-career-development/lab-isaac/lib/sll.js
FN:24,(anonymous_0)
FN:28,(anonymous_1)
FN:39,(anonymous_2)
FN:52,_findLastNode
FN:59,(anonymous_4)
FN:73,(anonymous_5)
FN:96,(anonymous_6)
FN:104,(anonymous_7)
FNF:8
FNH:8
FNDA:8,(anonymous_0)
FNDA:21,(anonymous_1)
FNDA:12,(anonymous_2)
FNDA:28,_findLastNode
FNDA:3,(anonymous_4)
FNDA:4,(anonymous_5)
FNDA:5,(anonymous_6)
FNDA:3,(anonymous_7)
DA:3,1
DA:23,1
DA:25,8
DA:29,21
DA:30,21
DA:31,4
DA:32,4
DA:34,17
DA:35,17
DA:36,17
DA:40,12
DA:43,12
DA:44,3
DA:45,3
DA:48,9
DA:49,9
DA:50,9
DA:53,28
DA:54,19
DA:55,19
DA:60,3
DA:61,3
DA:63,3
DA:64,10
DA:65,10
DA:66,10
DA:67,10
DA:69,3
DA:70,3
DA:74,4
DA:76,4
DA:77,1
DA:78,1
DA:79,1
DA:80,1
DA:85,3
DA:86,9
DA:88,3
DA:89,3
DA:90,3
DA:91,3
DA:92,3
DA:97,5
DA:98,5
DA:99,26
DA:101,5
DA:105,3
DA:106,3
DA:107,3
DA:108,18
DA:109,18
DA:111,3
DA:112,3
DA:113,3
DA:114,8
DA:116,3
LF:56
LH:56
BRDA:30,0,0,4
BRDA:30,0,1,17
BRDA:43,1,0,3
BRDA:43,1,1,9
BRDA:53,2,0,9
BRDA:53,2,1,19
BRDA:76,3,0,1
BRDA:76,3,1,3
BRF:8
BRH:8
end_of_record
