TN:
SF:/home/isaac/codefellows/401/labs/10-career-development/lab-isaac/lib/node.js
FN:4,(anonymous_0)
FNF:1
FNH:1
FNDA:9,(anonymous_0)
DA:3,1
DA:5,9
DA:6,9
LF:3
LH:3
BRF:0
BRH:0
end_of_record
TN:
SF:/home/isaac/codefellows/401/labs/10-career-development/lab-isaac/lib/sll.js
FN:24,(anonymous_0)
FN:28,(anonymous_1)
FN:39,(anonymous_2)
FN:52,_findLastNode
FN:59,(anonymous_4)
FNF:5
FNH:5
FNDA:4,(anonymous_0)
FNDA:2,(anonymous_1)
FNDA:7,(anonymous_2)
FNDA:14,_findLastNode
FNDA:3,(anonymous_4)
DA:3,1
DA:23,1
DA:25,4
DA:29,2
DA:30,2
DA:31,1
DA:32,1
DA:34,1
DA:35,1
DA:36,1
DA:40,7
DA:43,7
DA:44,2
DA:45,2
DA:48,5
DA:49,5
DA:50,5
DA:53,14
DA:54,9
DA:55,9
DA:60,3
DA:61,3
DA:63,3
DA:65,10
DA:66,10
DA:67,10
DA:68,10
DA:70,3
LF:28
LH:28
BRDA:30,0,0,1
BRDA:30,0,1,1
BRDA:43,1,0,2
BRDA:43,1,1,5
BRDA:53,2,0,5
BRDA:53,2,1,9
BRF:6
BRH:6
end_of_record
